<?xml version="1.0" encoding="UTF-8"?>
<testng-results skipped="0" failed="0" total="2" passed="2">
  <reporter-output>
  </reporter-output>
  <suite name="Suite" duration-ms="76032" started-at="2017-07-12T15:36:51Z" finished-at="2017-07-12T15:38:07Z">
    <groups>
    </groups>
    <test name="Test" duration-ms="76032" started-at="2017-07-12T15:36:51Z" finished-at="2017-07-12T15:38:07Z">
      <class name="AmoghMaven.one.build2">
        <test-method status="PASS" signature="Exceldata()[pri:0, instance:AmoghMaven.one.build2@30c7da1e]" name="Exceldata" is-config="true" duration-ms="755" started-at="2017-07-12T21:06:51Z" finished-at="2017-07-12T21:06:52Z">
          <reporter-output>
          </reporter-output>
        </test-method> <!-- Exceldata -->
        <test-method status="PASS" signature="login()[pri:0, instance:AmoghMaven.one.build2@30c7da1e]" name="login" duration-ms="75258" started-at="2017-07-12T21:06:52Z" finished-at="2017-07-12T21:08:07Z">
          <reporter-output>
          </reporter-output>
        </test-method> <!-- login -->
        <test-method status="PASS" signature="execution()[pri:0, instance:AmoghMaven.one.build2@30c7da1e]" name="execution" duration-ms="0" started-at="2017-07-12T21:08:07Z" finished-at="2017-07-12T21:08:07Z">
          <reporter-output>
          </reporter-output>
        </test-method> <!-- execution -->
        <test-method status="PASS" signature="Logout()[pri:0, instance:AmoghMaven.one.build2@30c7da1e]" name="Logout" is-config="true" duration-ms="0" started-at="2017-07-12T21:08:07Z" finished-at="2017-07-12T21:08:07Z">
          <reporter-output>
          </reporter-output>
        </test-method> <!-- Logout -->
      </class> <!-- AmoghMaven.one.build2 -->
    </test> <!-- Test -->
  </suite> <!-- Suite -->
</testng-results>
