<?xml version="1.0" encoding="UTF-8"?>
<testng-results skipped="0" failed="0" total="2" passed="2">
  <reporter-output>
  </reporter-output>
  <suite name="Default suite" duration-ms="43694" started-at="2017-07-12T14:25:42Z" finished-at="2017-07-12T14:26:26Z">
    <groups>
    </groups>
    <test name="Default test" duration-ms="43694" started-at="2017-07-12T14:25:42Z" finished-at="2017-07-12T14:26:26Z">
      <class name="AmoghMaven.one.build2">
        <test-method status="PASS" signature="Exceldata()[pri:0, instance:AmoghMaven.one.build2@61832929]" name="Exceldata" is-config="true" duration-ms="1022" started-at="2017-07-12T19:55:42Z" finished-at="2017-07-12T19:55:43Z">
          <reporter-output>
          </reporter-output>
        </test-method> <!-- Exceldata -->
        <test-method status="PASS" signature="login()[pri:0, instance:AmoghMaven.one.build2@61832929]" name="login" duration-ms="42646" started-at="2017-07-12T19:55:43Z" finished-at="2017-07-12T19:56:26Z">
          <reporter-output>
          </reporter-output>
        </test-method> <!-- login -->
        <test-method status="PASS" signature="execution()[pri:0, instance:AmoghMaven.one.build2@61832929]" name="execution" duration-ms="8" started-at="2017-07-12T19:56:26Z" finished-at="2017-07-12T19:56:26Z">
          <reporter-output>
          </reporter-output>
        </test-method> <!-- execution -->
        <test-method status="PASS" signature="Logout()[pri:0, instance:AmoghMaven.one.build2@61832929]" name="Logout" is-config="true" duration-ms="0" started-at="2017-07-12T19:56:26Z" finished-at="2017-07-12T19:56:26Z">
          <reporter-output>
          </reporter-output>
        </test-method> <!-- Logout -->
      </class> <!-- AmoghMaven.one.build2 -->
    </test> <!-- Default test -->
  </suite> <!-- Default suite -->
</testng-results>
